<?xml version="1.0" encoding="UTF-8"?>
<!-- Generated by org.testng.reporters.JUnitReportReporter -->
<testsuite hostname="Nirmals-MacBook-Pro.local" failures="0" tests="1" name="com.restassured.tests.ValidateResponseBody" time="0.662" errors="0" timestamp="2022-05-16T20:43:32 IST" skipped="0">
  <testcase classname="com.restassured.tests.ValidateResponseBody" name="validateResponse" time="0.662"/>
  <system-out/>
</testsuite> <!-- com.restassured.tests.ValidateResponseBody -->
