<?xml version="1.0" encoding="UTF-8"?>
<!-- Generated by org.testng.reporters.JUnitReportReporter -->
<testsuite hostname="Nirmals-MacBook-Pro.local" failures="0" tests="1" name="com.restassured.tests.GetandValidateMultipleJsonResponse" time="2.715" errors="0" timestamp="2022-05-16T20:43:32 IST" skipped="0">
  <testcase classname="com.restassured.tests.GetandValidateMultipleJsonResponse" name="ValidateMultipleResponse" time="2.715"/>
  <system-out/>
</testsuite> <!-- com.restassured.tests.GetandValidateMultipleJsonResponse -->
