<?xml version="1.0" encoding="UTF-8"?>
<!-- Generated by org.testng.reporters.JUnitReportReporter -->
<testsuite hostname="Nirmals-MacBook-Pro.local" failures="0" tests="1" name="com.restassured.utils.ExcelFileReader" time="0.009" errors="0" timestamp="2022-05-16T20:23:05 IST" skipped="0">
  <testcase classname="com.restassured.utils.ExcelFileReader" name="test2" time="0.009"/>
  <system-out/>
</testsuite> <!-- com.restassured.utils.ExcelFileReader -->
