<?xml version="1.0" encoding="UTF-8"?>
<!-- Generated by org.testng.reporters.JUnitReportReporter -->
<testsuite hostname="Nirmals-MacBook-Pro.local" failures="0" tests="2" name="com.restassured.tests.extenttest" time="0.485" errors="0" timestamp="2022-05-12T16:50:30 IST" skipped="0">
  <testcase classname="com.restassured.tests.extenttest" name="test2" time="0.036"/>
  <system-out/>
  <testcase classname="com.restassured.tests.extenttest" name="test1" time="0.449"/>
  <system-out/>
</testsuite> <!-- com.restassured.tests.extenttest -->
