<?xml version="1.0" encoding="UTF-8"?>
<!-- Generated by org.testng.reporters.JUnitReportReporter -->
<testsuite hostname="Nirmals-MacBook-Pro.local" failures="0" tests="1" name="com.restassured.tests.GetListofUsers" time="0.069" errors="0" timestamp="2022-05-16T20:43:32 IST" skipped="0">
  <testcase classname="com.restassured.tests.GetListofUsers" name="getListofUsers" time="0.069"/>
  <system-out/>
</testsuite> <!-- com.restassured.tests.GetListofUsers -->
